


ARM Macro Assembler    Page 1 


    1 00000000         ;/******************************************************
                       ********************/
    2 00000000         ;/**
    3 00000000         ; * @file    startup_W7500x.s 
    4 00000000         ; * @author  IOP Team
    5 00000000         ; * @version V1.0.0
    6 00000000         ; * @date    01-May-2015
    7 00000000         ; * @brief   CMSIS Cortex-M0 Core Device Startup File fo
                       r Device W7500x
    8 00000000         ; ******************************************************
                       ************************
    9 00000000         ; *
   10 00000000         ; * @attention
   11 00000000         ; * @par Revision history
   12 00000000         ; *    <2015/05/01> 1st Release
   13 00000000         ; *
   14 00000000         ; * <h2><center>&copy; COPYRIGHT 2015 WIZnet Co.,Ltd.</c
                       enter></h2>
   15 00000000         ; ******************************************************
                       ************************
   16 00000000         ; */
   17 00000000         
   18 00000000         
   19 00000000         ; <h> Stack Configuration
   20 00000000         ;   <o> Stack Size (in Bytes) <0x0-0xFFFFFFFF:8>
   21 00000000         ; </h>
   22 00000000         
   23 00000000 00000400 
                       Stack_Size
                               EQU              0x00000400
   24 00000000         
   25 00000000                 AREA             STACK, NOINIT, READWRITE, ALIGN
=3
   26 00000000         Stack_Mem
                               SPACE            Stack_Size
   27 00000400         __initial_sp
   28 00000400         
   29 00000400         
   30 00000400         ; <h> Heap Configuration
   31 00000400         ;   <o>  Heap Size (in Bytes) <0x0-0xFFFFFFFF:8>
   32 00000400         ; </h>
   33 00000400         
   34 00000400 00000400 
                       Heap_Size
                               EQU              0x00000400
   35 00000400         
   36 00000400                 AREA             HEAP, NOINIT, READWRITE, ALIGN=
3
   37 00000000         __heap_base
   38 00000000         Heap_Mem
                               SPACE            Heap_Size
   39 00000400         __heap_limit
   40 00000400         
   41 00000400         
   42 00000400                 PRESERVE8
   43 00000400                 THUMB
   44 00000400         
   45 00000400         
   46 00000400         ; Vector Table Mapped to Address 0 at Reset



ARM Macro Assembler    Page 2 


   47 00000400         
   48 00000400                 AREA             RESET, DATA, READONLY
   49 00000000                 EXPORT           __Vectors
   50 00000000                 EXPORT           __Vectors_End
   51 00000000                 EXPORT           __Vectors_Size
   52 00000000         
   53 00000000 00000000 
                       __Vectors
                               DCD              __initial_sp ; Top of Stack
   54 00000004 00000000        DCD              Reset_Handler ; Reset Handler
   55 00000008 00000000        DCD              NMI_Handler ; NMI Handler
   56 0000000C 00000000        DCD              HardFault_Handler ; Hard Fault 
                                                            Handler
   57 00000010 00000000        DCD              0           ; Reserved
   58 00000014 00000000        DCD              0           ; Reserved
   59 00000018 00000000        DCD              0           ; Reserved
   60 0000001C 00000000        DCD              0           ; Reserved
   61 00000020 00000000        DCD              0           ; Reserved
   62 00000024 00000000        DCD              0           ; Reserved
   63 00000028 00000000        DCD              0           ; Reserved
   64 0000002C 00000000        DCD              SVC_Handler ; SVCall Handler
   65 00000030 00000000        DCD              0           ; Reserved
   66 00000034 00000000        DCD              0           ; Reserved
   67 00000038 00000000        DCD              PendSV_Handler ; PendSV Handler
                                                            
   68 0000003C 00000000        DCD              SysTick_Handler 
                                                            ; SysTick Handler
   69 00000040 00000000        DCD              SSP0_Handler ; 16+ 0: SSP 0 Han
                                                            dler               
                                                                
   70 00000044 00000000        DCD              SSP1_Handler ; 16+ 1: SSP 1 Han
                                                            dler               
                                                                
   71 00000048 00000000        DCD              UART0_Handler ; 16+ 2: UART 0 H
                                                            andler             
                                                                 
   72 0000004C 00000000        DCD              UART1_Handler ; 16+ 3: UART 1 H
                                                            andler             
                                                                 
   73 00000050 00000000        DCD              UART2_Handler ; 16+ 4: UART 2 H
                                                            andler             
                                                                 
   74 00000054 00000000        DCD              I2C0_Handler ; 16+ 5: I2C 0 Han
                                                            dler               
                                                                
   75 00000058 00000000        DCD              I2C1_Handler ; 16+ 6: I2C 1 Han
                                                            dler               
                                                                
   76 0000005C 00000000        DCD              PORT0_Handler ; 16+ 7: GPIO Por
                                                            t 0 Combined Handle
                                                            r    
   77 00000060 00000000        DCD              PORT1_Handler ; 16+ 8: GPIO Por
                                                            t 1 Combined Handle
                                                            r    
   78 00000064 00000000        DCD              PORT2_Handler ; 16+ 9: GPIO Por
                                                            t 2 Combined Handle
                                                            r    
   79 00000068 00000000        DCD              PORT3_Handler ; 16+10: GPIO Por
                                                            t 3 Combined Handle



ARM Macro Assembler    Page 3 


                                                            r    
   80 0000006C 00000000        DCD              DMA_Handler ; 16+11: DMA Combin
                                                            ed Handler         
                                                               
   81 00000070 00000000        DCD              DUALTIMER0_Handler ; 16+12: Dua
                                                            l timer 0 handler  
                                                                       
   82 00000074 00000000        DCD              DUALTIMER1_Handler ; 16+13: Dua
                                                            l timer 1 handler  
                                                                      
   83 00000078 00000000        DCD              PWM0_Handler ; 16+14: PWM0 Hand
                                                            ler                
                                                                
   84 0000007C 00000000        DCD              PWM1_Handler ; 16+15: PWM1 Hand
                                                            ler                
                                                                
   85 00000080 00000000        DCD              PWM2_Handler ; 16+16: PWM2 Hand
                                                            ler                
                                                                
   86 00000084 00000000        DCD              PWM3_Handler ; 16+17: PWM3 Hand
                                                            ler                
                                                                
   87 00000088 00000000        DCD              PWM4_Handler ; 16+18: PWM4 Hand
                                                            ler                
                                                                
   88 0000008C 00000000        DCD              PWM5_Handler ; 16+19: PWM5 Hand
                                                            ler                
                                                                
   89 00000090 00000000        DCD              PWM6_Handler ; 16+20: PWM6 Hand
                                                            ler                
                                                                
   90 00000094 00000000        DCD              PWM7_Handler ; 16+21: PWM7 Hand
                                                            ler                
                                                                
   91 00000098 00000000        DCD              RTC_Handler ; 16+22: RTC Handle
                                                            r                  
                                                               
   92 0000009C 00000000        DCD              ADC_Handler ; 16+23: ADC Handle
                                                            r                  
                                                               
   93 000000A0 00000000        DCD              WZTOE_Handler ; 16+24: WZTOE_Ha
                                                            ndler              
                                                                 
   94 000000A4 00000000        DCD              EXTI_Handler ; 16+25: EXTI_Hand
                                                            ler           
   95 000000A8         __Vectors_End
   96 000000A8         
   97 000000A8 000000A8 
                       __Vectors_Size
                               EQU              __Vectors_End - __Vectors
   98 000000A8         
   99 000000A8                 AREA             |.text|, CODE, READONLY
  100 00000000         
  101 00000000         
  102 00000000         ; Reset Handler
  103 00000000         
  104 00000000         Reset_Handler
                               PROC
  105 00000000                 EXPORT           Reset_Handler             [WEAK



ARM Macro Assembler    Page 4 


]
  106 00000000                 IMPORT           SystemInit
  107 00000000                 IMPORT           __main
  108 00000000 4807            LDR              R0, =SystemInit
  109 00000002 4780            BLX              R0
  110 00000004 4807            LDR              R0, =__main
  111 00000006 4700            BX               R0
  112 00000008                 ENDP
  113 00000008         
  114 00000008         
  115 00000008         ; Dummy Exception Handlers (infinite loops which can be 
                       modified)
  116 00000008         
  117 00000008         NMI_Handler
                               PROC
  118 00000008                 EXPORT           NMI_Handler               [WEAK
]
  119 00000008 E7FE            B                .
  120 0000000A                 ENDP
  122 0000000A         HardFault_Handler
                               PROC
  123 0000000A                 EXPORT           HardFault_Handler         [WEAK
]
  124 0000000A E7FE            B                .
  125 0000000C                 ENDP
  126 0000000C         SVC_Handler
                               PROC
  127 0000000C                 EXPORT           SVC_Handler               [WEAK
]
  128 0000000C E7FE            B                .
  129 0000000E                 ENDP
  130 0000000E         PendSV_Handler
                               PROC
  131 0000000E                 EXPORT           PendSV_Handler            [WEAK
]
  132 0000000E E7FE            B                .
  133 00000010                 ENDP
  134 00000010         SysTick_Handler
                               PROC
  135 00000010                 EXPORT           SysTick_Handler            [WEA
K]
  136 00000010 E7FE            B                .
  137 00000012                 ENDP
  138 00000012         Default_Handler
                               PROC
  139 00000012                 EXPORT           SSP0_Handler               [WEA
K]
  140 00000012                 EXPORT           SSP1_Handler               [WEA
K]
  141 00000012                 EXPORT           UART0_Handler              [WEA
K]
  142 00000012                 EXPORT           UART1_Handler              [WEA
K]
  143 00000012                 EXPORT           UART2_Handler              [WEA
K]
  144 00000012                 EXPORT           I2C0_Handler               [WEA
K]
  145 00000012                 EXPORT           I2C1_Handler               [WEA
K]



ARM Macro Assembler    Page 5 


  146 00000012                 EXPORT           PORT0_Handler              [WEA
K]
  147 00000012                 EXPORT           PORT1_Handler              [WEA
K]
  148 00000012                 EXPORT           PORT2_Handler              [WEA
K]
  149 00000012                 EXPORT           PORT3_Handler              [WEA
K]
  150 00000012                 EXPORT           DMA_Handler                [WEA
K]
  151 00000012                 EXPORT           DUALTIMER0_Handler         [WEA
K]
  152 00000012                 EXPORT           DUALTIMER1_Handler         [WEA
K]
  153 00000012                 EXPORT           PWM0_Handler               [WEA
K]
  154 00000012                 EXPORT           PWM1_Handler               [WEA
K]
  155 00000012                 EXPORT           PWM2_Handler               [WEA
K]
  156 00000012                 EXPORT           PWM3_Handler               [WEA
K]
  157 00000012                 EXPORT           PWM4_Handler               [WEA
K]
  158 00000012                 EXPORT           PWM5_Handler               [WEA
K]
  159 00000012                 EXPORT           PWM6_Handler               [WEA
K]
  160 00000012                 EXPORT           PWM7_Handler               [WEA
K]
  161 00000012                 EXPORT           RTC_Handler                [WEA
K]
  162 00000012                 EXPORT           ADC_Handler                [WEA
K]
  163 00000012                 EXPORT           WZTOE_Handler              [WEA
K]
  164 00000012                 EXPORT           EXTI_Handler              [WEAK
]
  165 00000012         SSP0_Handler
  166 00000012         SSP1_Handler
  167 00000012         UART0_Handler
  168 00000012         UART1_Handler
  169 00000012         UART2_Handler
  170 00000012         I2C0_Handler
  171 00000012         I2C1_Handler
  172 00000012         PORT0_Handler
  173 00000012         PORT1_Handler
  174 00000012         PORT2_Handler
  175 00000012         PORT3_Handler
  176 00000012         DMA_Handler
  177 00000012         DUALTIMER0_Handler
  178 00000012         DUALTIMER1_Handler
  179 00000012         PWM0_Handler
  180 00000012         PWM1_Handler
  181 00000012         PWM2_Handler
  182 00000012         PWM3_Handler
  183 00000012         PWM4_Handler
  184 00000012         PWM5_Handler
  185 00000012         PWM6_Handler



ARM Macro Assembler    Page 6 


  186 00000012         PWM7_Handler
  187 00000012         RTC_Handler
  188 00000012         ADC_Handler
  189 00000012         WZTOE_Handler
  190 00000012         EXTI_Handler
  191 00000012 E7FE            B                .
  192 00000014                 ENDP
  193 00000014         
  194 00000014         
  195 00000014                 ALIGN
  196 00000014         
  197 00000014         
  198 00000014         ; User Initial Stack & Heap
  199 00000014         
  200 00000014                 IF               :DEF:__MICROLIB
  207 00000014         
  208 00000014                 IMPORT           __use_two_region_memory
  209 00000014                 EXPORT           __user_initial_stackheap
  210 00000014         
  211 00000014         __user_initial_stackheap
                               PROC
  212 00000014 4804            LDR              R0, =  Heap_Mem
  213 00000016 4905            LDR              R1, =(Stack_Mem + Stack_Size)
  214 00000018 4A05            LDR              R2, = (Heap_Mem +  Heap_Size)
  215 0000001A 4B06            LDR              R3, = Stack_Mem
  216 0000001C 4770            BX               LR
  217 0000001E                 ENDP
  218 0000001E         
  219 0000001E 00 00           ALIGN
  220 00000020         
  221 00000020                 ENDIF
  222 00000020         
  223 00000020         
  224 00000020                 END
              00000000 
              00000000 
              00000000 
              00000400 
              00000400 
              00000000 
Command Line: --debug --xref --diag_suppress=9931 --cpu=Cortex-M0 --apcs=interw
ork --depend=.\objects\startup_w7500x.d -o.\objects\startup_w7500x.o -I"D:\1.WI
Znet\4. WizFi250 °­ÀÇ\WizFi250-W7500 Example\4TCPClient\RTE" -Id:\Keil_v5\ARM\P
ACK\ARM\CMSIS\4.3.0\Device\ARM\ARMCM0\Include -IC:\Keil_v5\ARM\CMSIS\Include --
predefine="__EVAL SETA 1" --predefine="__UVISION_VERSION SETA 515" --predefine=
"ARMCM0 SETA 1" --list=.\listings\startup_w7500x.lst Libraries\CMSIS\Device\WIZ
net\W7500\Source\ARM\startup_W7500x.s



ARM Macro Assembler    Page 1 Alphabetic symbol ordering
Relocatable symbols

STACK 00000000

Symbol: STACK
   Definitions
      At line 25 in file Libraries\CMSIS\Device\WIZnet\W7500\Source\ARM\startup
_W7500x.s
   Uses
      None
Comment: STACK unused
Stack_Mem 00000000

Symbol: Stack_Mem
   Definitions
      At line 26 in file Libraries\CMSIS\Device\WIZnet\W7500\Source\ARM\startup
_W7500x.s
   Uses
      At line 213 in file Libraries\CMSIS\Device\WIZnet\W7500\Source\ARM\startu
p_W7500x.s
      At line 215 in file Libraries\CMSIS\Device\WIZnet\W7500\Source\ARM\startu
p_W7500x.s

__initial_sp 00000400

Symbol: __initial_sp
   Definitions
      At line 27 in file Libraries\CMSIS\Device\WIZnet\W7500\Source\ARM\startup
_W7500x.s
   Uses
      At line 53 in file Libraries\CMSIS\Device\WIZnet\W7500\Source\ARM\startup
_W7500x.s
Comment: __initial_sp used once
3 symbols



ARM Macro Assembler    Page 1 Alphabetic symbol ordering
Relocatable symbols

HEAP 00000000

Symbol: HEAP
   Definitions
      At line 36 in file Libraries\CMSIS\Device\WIZnet\W7500\Source\ARM\startup
_W7500x.s
   Uses
      None
Comment: HEAP unused
Heap_Mem 00000000

Symbol: Heap_Mem
   Definitions
      At line 38 in file Libraries\CMSIS\Device\WIZnet\W7500\Source\ARM\startup
_W7500x.s
   Uses
      At line 212 in file Libraries\CMSIS\Device\WIZnet\W7500\Source\ARM\startu
p_W7500x.s
      At line 214 in file Libraries\CMSIS\Device\WIZnet\W7500\Source\ARM\startu
p_W7500x.s

__heap_base 00000000

Symbol: __heap_base
   Definitions
      At line 37 in file Libraries\CMSIS\Device\WIZnet\W7500\Source\ARM\startup
_W7500x.s
   Uses
      None
Comment: __heap_base unused
__heap_limit 00000400

Symbol: __heap_limit
   Definitions
      At line 39 in file Libraries\CMSIS\Device\WIZnet\W7500\Source\ARM\startup
_W7500x.s
   Uses
      None
Comment: __heap_limit unused
4 symbols



ARM Macro Assembler    Page 1 Alphabetic symbol ordering
Relocatable symbols

RESET 00000000

Symbol: RESET
   Definitions
      At line 48 in file Libraries\CMSIS\Device\WIZnet\W7500\Source\ARM\startup
_W7500x.s
   Uses
      None
Comment: RESET unused
__Vectors 00000000

Symbol: __Vectors
   Definitions
      At line 53 in file Libraries\CMSIS\Device\WIZnet\W7500\Source\ARM\startup
_W7500x.s
   Uses
      At line 49 in file Libraries\CMSIS\Device\WIZnet\W7500\Source\ARM\startup
_W7500x.s
      At line 97 in file Libraries\CMSIS\Device\WIZnet\W7500\Source\ARM\startup
_W7500x.s

__Vectors_End 000000A8

Symbol: __Vectors_End
   Definitions
      At line 95 in file Libraries\CMSIS\Device\WIZnet\W7500\Source\ARM\startup
_W7500x.s
   Uses
      At line 50 in file Libraries\CMSIS\Device\WIZnet\W7500\Source\ARM\startup
_W7500x.s
      At line 97 in file Libraries\CMSIS\Device\WIZnet\W7500\Source\ARM\startup
_W7500x.s

3 symbols



ARM Macro Assembler    Page 1 Alphabetic symbol ordering
Relocatable symbols

.text 00000000

Symbol: .text
   Definitions
      At line 99 in file Libraries\CMSIS\Device\WIZnet\W7500\Source\ARM\startup
_W7500x.s
   Uses
      None
Comment: .text unused
ADC_Handler 00000012

Symbol: ADC_Handler
   Definitions
      At line 188 in file Libraries\CMSIS\Device\WIZnet\W7500\Source\ARM\startu
p_W7500x.s
   Uses
      At line 92 in file Libraries\CMSIS\Device\WIZnet\W7500\Source\ARM\startup
_W7500x.s
      At line 162 in file Libraries\CMSIS\Device\WIZnet\W7500\Source\ARM\startu
p_W7500x.s

DMA_Handler 00000012

Symbol: DMA_Handler
   Definitions
      At line 176 in file Libraries\CMSIS\Device\WIZnet\W7500\Source\ARM\startu
p_W7500x.s
   Uses
      At line 80 in file Libraries\CMSIS\Device\WIZnet\W7500\Source\ARM\startup
_W7500x.s
      At line 150 in file Libraries\CMSIS\Device\WIZnet\W7500\Source\ARM\startu
p_W7500x.s

DUALTIMER0_Handler 00000012

Symbol: DUALTIMER0_Handler
   Definitions
      At line 177 in file Libraries\CMSIS\Device\WIZnet\W7500\Source\ARM\startu
p_W7500x.s
   Uses
      At line 81 in file Libraries\CMSIS\Device\WIZnet\W7500\Source\ARM\startup
_W7500x.s
      At line 151 in file Libraries\CMSIS\Device\WIZnet\W7500\Source\ARM\startu
p_W7500x.s

DUALTIMER1_Handler 00000012

Symbol: DUALTIMER1_Handler
   Definitions
      At line 178 in file Libraries\CMSIS\Device\WIZnet\W7500\Source\ARM\startu
p_W7500x.s
   Uses
      At line 82 in file Libraries\CMSIS\Device\WIZnet\W7500\Source\ARM\startup
_W7500x.s
      At line 152 in file Libraries\CMSIS\Device\WIZnet\W7500\Source\ARM\startu
p_W7500x.s

Default_Handler 00000012




ARM Macro Assembler    Page 2 Alphabetic symbol ordering
Relocatable symbols

Symbol: Default_Handler
   Definitions
      At line 138 in file Libraries\CMSIS\Device\WIZnet\W7500\Source\ARM\startu
p_W7500x.s
   Uses
      None
Comment: Default_Handler unused
EXTI_Handler 00000012

Symbol: EXTI_Handler
   Definitions
      At line 190 in file Libraries\CMSIS\Device\WIZnet\W7500\Source\ARM\startu
p_W7500x.s
   Uses
      At line 94 in file Libraries\CMSIS\Device\WIZnet\W7500\Source\ARM\startup
_W7500x.s
      At line 164 in file Libraries\CMSIS\Device\WIZnet\W7500\Source\ARM\startu
p_W7500x.s

HardFault_Handler 0000000A

Symbol: HardFault_Handler
   Definitions
      At line 122 in file Libraries\CMSIS\Device\WIZnet\W7500\Source\ARM\startu
p_W7500x.s
   Uses
      At line 56 in file Libraries\CMSIS\Device\WIZnet\W7500\Source\ARM\startup
_W7500x.s
      At line 123 in file Libraries\CMSIS\Device\WIZnet\W7500\Source\ARM\startu
p_W7500x.s

I2C0_Handler 00000012

Symbol: I2C0_Handler
   Definitions
      At line 170 in file Libraries\CMSIS\Device\WIZnet\W7500\Source\ARM\startu
p_W7500x.s
   Uses
      At line 74 in file Libraries\CMSIS\Device\WIZnet\W7500\Source\ARM\startup
_W7500x.s
      At line 144 in file Libraries\CMSIS\Device\WIZnet\W7500\Source\ARM\startu
p_W7500x.s

I2C1_Handler 00000012

Symbol: I2C1_Handler
   Definitions
      At line 171 in file Libraries\CMSIS\Device\WIZnet\W7500\Source\ARM\startu
p_W7500x.s
   Uses
      At line 75 in file Libraries\CMSIS\Device\WIZnet\W7500\Source\ARM\startup
_W7500x.s
      At line 145 in file Libraries\CMSIS\Device\WIZnet\W7500\Source\ARM\startu
p_W7500x.s

NMI_Handler 00000008

Symbol: NMI_Handler
   Definitions



ARM Macro Assembler    Page 3 Alphabetic symbol ordering
Relocatable symbols

      At line 117 in file Libraries\CMSIS\Device\WIZnet\W7500\Source\ARM\startu
p_W7500x.s
   Uses
      At line 55 in file Libraries\CMSIS\Device\WIZnet\W7500\Source\ARM\startup
_W7500x.s
      At line 118 in file Libraries\CMSIS\Device\WIZnet\W7500\Source\ARM\startu
p_W7500x.s

PORT0_Handler 00000012

Symbol: PORT0_Handler
   Definitions
      At line 172 in file Libraries\CMSIS\Device\WIZnet\W7500\Source\ARM\startu
p_W7500x.s
   Uses
      At line 76 in file Libraries\CMSIS\Device\WIZnet\W7500\Source\ARM\startup
_W7500x.s
      At line 146 in file Libraries\CMSIS\Device\WIZnet\W7500\Source\ARM\startu
p_W7500x.s

PORT1_Handler 00000012

Symbol: PORT1_Handler
   Definitions
      At line 173 in file Libraries\CMSIS\Device\WIZnet\W7500\Source\ARM\startu
p_W7500x.s
   Uses
      At line 77 in file Libraries\CMSIS\Device\WIZnet\W7500\Source\ARM\startup
_W7500x.s
      At line 147 in file Libraries\CMSIS\Device\WIZnet\W7500\Source\ARM\startu
p_W7500x.s

PORT2_Handler 00000012

Symbol: PORT2_Handler
   Definitions
      At line 174 in file Libraries\CMSIS\Device\WIZnet\W7500\Source\ARM\startu
p_W7500x.s
   Uses
      At line 78 in file Libraries\CMSIS\Device\WIZnet\W7500\Source\ARM\startup
_W7500x.s
      At line 148 in file Libraries\CMSIS\Device\WIZnet\W7500\Source\ARM\startu
p_W7500x.s

PORT3_Handler 00000012

Symbol: PORT3_Handler
   Definitions
      At line 175 in file Libraries\CMSIS\Device\WIZnet\W7500\Source\ARM\startu
p_W7500x.s
   Uses
      At line 79 in file Libraries\CMSIS\Device\WIZnet\W7500\Source\ARM\startup
_W7500x.s
      At line 149 in file Libraries\CMSIS\Device\WIZnet\W7500\Source\ARM\startu
p_W7500x.s

PWM0_Handler 00000012

Symbol: PWM0_Handler



ARM Macro Assembler    Page 4 Alphabetic symbol ordering
Relocatable symbols

   Definitions
      At line 179 in file Libraries\CMSIS\Device\WIZnet\W7500\Source\ARM\startu
p_W7500x.s
   Uses
      At line 83 in file Libraries\CMSIS\Device\WIZnet\W7500\Source\ARM\startup
_W7500x.s
      At line 153 in file Libraries\CMSIS\Device\WIZnet\W7500\Source\ARM\startu
p_W7500x.s

PWM1_Handler 00000012

Symbol: PWM1_Handler
   Definitions
      At line 180 in file Libraries\CMSIS\Device\WIZnet\W7500\Source\ARM\startu
p_W7500x.s
   Uses
      At line 84 in file Libraries\CMSIS\Device\WIZnet\W7500\Source\ARM\startup
_W7500x.s
      At line 154 in file Libraries\CMSIS\Device\WIZnet\W7500\Source\ARM\startu
p_W7500x.s

PWM2_Handler 00000012

Symbol: PWM2_Handler
   Definitions
      At line 181 in file Libraries\CMSIS\Device\WIZnet\W7500\Source\ARM\startu
p_W7500x.s
   Uses
      At line 85 in file Libraries\CMSIS\Device\WIZnet\W7500\Source\ARM\startup
_W7500x.s
      At line 155 in file Libraries\CMSIS\Device\WIZnet\W7500\Source\ARM\startu
p_W7500x.s

PWM3_Handler 00000012

Symbol: PWM3_Handler
   Definitions
      At line 182 in file Libraries\CMSIS\Device\WIZnet\W7500\Source\ARM\startu
p_W7500x.s
   Uses
      At line 86 in file Libraries\CMSIS\Device\WIZnet\W7500\Source\ARM\startup
_W7500x.s
      At line 156 in file Libraries\CMSIS\Device\WIZnet\W7500\Source\ARM\startu
p_W7500x.s

PWM4_Handler 00000012

Symbol: PWM4_Handler
   Definitions
      At line 183 in file Libraries\CMSIS\Device\WIZnet\W7500\Source\ARM\startu
p_W7500x.s
   Uses
      At line 87 in file Libraries\CMSIS\Device\WIZnet\W7500\Source\ARM\startup
_W7500x.s
      At line 157 in file Libraries\CMSIS\Device\WIZnet\W7500\Source\ARM\startu
p_W7500x.s

PWM5_Handler 00000012




ARM Macro Assembler    Page 5 Alphabetic symbol ordering
Relocatable symbols

Symbol: PWM5_Handler
   Definitions
      At line 184 in file Libraries\CMSIS\Device\WIZnet\W7500\Source\ARM\startu
p_W7500x.s
   Uses
      At line 88 in file Libraries\CMSIS\Device\WIZnet\W7500\Source\ARM\startup
_W7500x.s
      At line 158 in file Libraries\CMSIS\Device\WIZnet\W7500\Source\ARM\startu
p_W7500x.s

PWM6_Handler 00000012

Symbol: PWM6_Handler
   Definitions
      At line 185 in file Libraries\CMSIS\Device\WIZnet\W7500\Source\ARM\startu
p_W7500x.s
   Uses
      At line 89 in file Libraries\CMSIS\Device\WIZnet\W7500\Source\ARM\startup
_W7500x.s
      At line 159 in file Libraries\CMSIS\Device\WIZnet\W7500\Source\ARM\startu
p_W7500x.s

PWM7_Handler 00000012

Symbol: PWM7_Handler
   Definitions
      At line 186 in file Libraries\CMSIS\Device\WIZnet\W7500\Source\ARM\startu
p_W7500x.s
   Uses
      At line 90 in file Libraries\CMSIS\Device\WIZnet\W7500\Source\ARM\startup
_W7500x.s
      At line 160 in file Libraries\CMSIS\Device\WIZnet\W7500\Source\ARM\startu
p_W7500x.s

PendSV_Handler 0000000E

Symbol: PendSV_Handler
   Definitions
      At line 130 in file Libraries\CMSIS\Device\WIZnet\W7500\Source\ARM\startu
p_W7500x.s
   Uses
      At line 67 in file Libraries\CMSIS\Device\WIZnet\W7500\Source\ARM\startup
_W7500x.s
      At line 131 in file Libraries\CMSIS\Device\WIZnet\W7500\Source\ARM\startu
p_W7500x.s

RTC_Handler 00000012

Symbol: RTC_Handler
   Definitions
      At line 187 in file Libraries\CMSIS\Device\WIZnet\W7500\Source\ARM\startu
p_W7500x.s
   Uses
      At line 91 in file Libraries\CMSIS\Device\WIZnet\W7500\Source\ARM\startup
_W7500x.s
      At line 161 in file Libraries\CMSIS\Device\WIZnet\W7500\Source\ARM\startu
p_W7500x.s

Reset_Handler 00000000



ARM Macro Assembler    Page 6 Alphabetic symbol ordering
Relocatable symbols


Symbol: Reset_Handler
   Definitions
      At line 104 in file Libraries\CMSIS\Device\WIZnet\W7500\Source\ARM\startu
p_W7500x.s
   Uses
      At line 54 in file Libraries\CMSIS\Device\WIZnet\W7500\Source\ARM\startup
_W7500x.s
      At line 105 in file Libraries\CMSIS\Device\WIZnet\W7500\Source\ARM\startu
p_W7500x.s

SSP0_Handler 00000012

Symbol: SSP0_Handler
   Definitions
      At line 165 in file Libraries\CMSIS\Device\WIZnet\W7500\Source\ARM\startu
p_W7500x.s
   Uses
      At line 69 in file Libraries\CMSIS\Device\WIZnet\W7500\Source\ARM\startup
_W7500x.s
      At line 139 in file Libraries\CMSIS\Device\WIZnet\W7500\Source\ARM\startu
p_W7500x.s

SSP1_Handler 00000012

Symbol: SSP1_Handler
   Definitions
      At line 166 in file Libraries\CMSIS\Device\WIZnet\W7500\Source\ARM\startu
p_W7500x.s
   Uses
      At line 70 in file Libraries\CMSIS\Device\WIZnet\W7500\Source\ARM\startup
_W7500x.s
      At line 140 in file Libraries\CMSIS\Device\WIZnet\W7500\Source\ARM\startu
p_W7500x.s

SVC_Handler 0000000C

Symbol: SVC_Handler
   Definitions
      At line 126 in file Libraries\CMSIS\Device\WIZnet\W7500\Source\ARM\startu
p_W7500x.s
   Uses
      At line 64 in file Libraries\CMSIS\Device\WIZnet\W7500\Source\ARM\startup
_W7500x.s
      At line 127 in file Libraries\CMSIS\Device\WIZnet\W7500\Source\ARM\startu
p_W7500x.s

SysTick_Handler 00000010

Symbol: SysTick_Handler
   Definitions
      At line 134 in file Libraries\CMSIS\Device\WIZnet\W7500\Source\ARM\startu
p_W7500x.s
   Uses
      At line 68 in file Libraries\CMSIS\Device\WIZnet\W7500\Source\ARM\startup
_W7500x.s
      At line 135 in file Libraries\CMSIS\Device\WIZnet\W7500\Source\ARM\startu
p_W7500x.s




ARM Macro Assembler    Page 7 Alphabetic symbol ordering
Relocatable symbols

UART0_Handler 00000012

Symbol: UART0_Handler
   Definitions
      At line 167 in file Libraries\CMSIS\Device\WIZnet\W7500\Source\ARM\startu
p_W7500x.s
   Uses
      At line 71 in file Libraries\CMSIS\Device\WIZnet\W7500\Source\ARM\startup
_W7500x.s
      At line 141 in file Libraries\CMSIS\Device\WIZnet\W7500\Source\ARM\startu
p_W7500x.s

UART1_Handler 00000012

Symbol: UART1_Handler
   Definitions
      At line 168 in file Libraries\CMSIS\Device\WIZnet\W7500\Source\ARM\startu
p_W7500x.s
   Uses
      At line 72 in file Libraries\CMSIS\Device\WIZnet\W7500\Source\ARM\startup
_W7500x.s
      At line 142 in file Libraries\CMSIS\Device\WIZnet\W7500\Source\ARM\startu
p_W7500x.s

UART2_Handler 00000012

Symbol: UART2_Handler
   Definitions
      At line 169 in file Libraries\CMSIS\Device\WIZnet\W7500\Source\ARM\startu
p_W7500x.s
   Uses
      At line 73 in file Libraries\CMSIS\Device\WIZnet\W7500\Source\ARM\startup
_W7500x.s
      At line 143 in file Libraries\CMSIS\Device\WIZnet\W7500\Source\ARM\startu
p_W7500x.s

WZTOE_Handler 00000012

Symbol: WZTOE_Handler
   Definitions
      At line 189 in file Libraries\CMSIS\Device\WIZnet\W7500\Source\ARM\startu
p_W7500x.s
   Uses
      At line 93 in file Libraries\CMSIS\Device\WIZnet\W7500\Source\ARM\startup
_W7500x.s
      At line 163 in file Libraries\CMSIS\Device\WIZnet\W7500\Source\ARM\startu
p_W7500x.s

__user_initial_stackheap 00000014

Symbol: __user_initial_stackheap
   Definitions
      At line 211 in file Libraries\CMSIS\Device\WIZnet\W7500\Source\ARM\startu
p_W7500x.s
   Uses
      At line 209 in file Libraries\CMSIS\Device\WIZnet\W7500\Source\ARM\startu
p_W7500x.s
Comment: __user_initial_stackheap used once
35 symbols



ARM Macro Assembler    Page 1 Alphabetic symbol ordering
Absolute symbols

Heap_Size 00000400

Symbol: Heap_Size
   Definitions
      At line 34 in file Libraries\CMSIS\Device\WIZnet\W7500\Source\ARM\startup
_W7500x.s
   Uses
      At line 38 in file Libraries\CMSIS\Device\WIZnet\W7500\Source\ARM\startup
_W7500x.s
      At line 214 in file Libraries\CMSIS\Device\WIZnet\W7500\Source\ARM\startu
p_W7500x.s

Stack_Size 00000400

Symbol: Stack_Size
   Definitions
      At line 23 in file Libraries\CMSIS\Device\WIZnet\W7500\Source\ARM\startup
_W7500x.s
   Uses
      At line 26 in file Libraries\CMSIS\Device\WIZnet\W7500\Source\ARM\startup
_W7500x.s
      At line 213 in file Libraries\CMSIS\Device\WIZnet\W7500\Source\ARM\startu
p_W7500x.s

__Vectors_Size 000000A8

Symbol: __Vectors_Size
   Definitions
      At line 97 in file Libraries\CMSIS\Device\WIZnet\W7500\Source\ARM\startup
_W7500x.s
   Uses
      At line 51 in file Libraries\CMSIS\Device\WIZnet\W7500\Source\ARM\startup
_W7500x.s
Comment: __Vectors_Size used once
3 symbols



ARM Macro Assembler    Page 1 Alphabetic symbol ordering
External symbols

SystemInit 00000000

Symbol: SystemInit
   Definitions
      At line 106 in file Libraries\CMSIS\Device\WIZnet\W7500\Source\ARM\startu
p_W7500x.s
   Uses
      At line 108 in file Libraries\CMSIS\Device\WIZnet\W7500\Source\ARM\startu
p_W7500x.s
Comment: SystemInit used once
__main 00000000

Symbol: __main
   Definitions
      At line 107 in file Libraries\CMSIS\Device\WIZnet\W7500\Source\ARM\startu
p_W7500x.s
   Uses
      At line 110 in file Libraries\CMSIS\Device\WIZnet\W7500\Source\ARM\startu
p_W7500x.s
Comment: __main used once
__use_two_region_memory 00000000

Symbol: __use_two_region_memory
   Definitions
      At line 208 in file Libraries\CMSIS\Device\WIZnet\W7500\Source\ARM\startu
p_W7500x.s
   Uses
      None
Comment: __use_two_region_memory unused
3 symbols
388 symbols in table
